#
# A fatal error has been detected by the Java Runtime Environment:
#
#  EXCEPTION_UNCAUGHT_CXX_EXCEPTION (0xe06d7363) at pc=0x00007ffdf255a799, pid=6592, tid=0x00000000000022b4
#
# JRE version: Java(TM) SE Runtime Environment (8.0_111-b14) (build 1.8.0_111-b14)
# Java VM: Java HotSpot(TM) 64-Bit Server VM (25.111-b14 mixed mode windows-amd64 compressed oops)
# Problematic frame:
# C  [KERNELBASE.dll+0x3a799]
#
# Failed to write core dump. Minidumps are not enabled by default on client versions of Windows
#
# If you would like to submit a bug report, please visit:
#   http://bugreport.java.com/bugreport/crash.jsp
# The crash happened outside the Java Virtual Machine in native code.
# See problematic frame for where to report the bug.
#

---------------  T H R E A D  ---------------

Current thread (0x0000000017598000):  JavaThread "Thread-4" [_thread_in_native, id=8884, stack(0x0000000023240000,0x0000000023340000)]

siginfo: ExceptionCode=0xe06d7363, ExceptionInformation=0x0000000019930520 0x000000002332eba0 0x00007ffdac99cd78 0x00007ffdac750000 

Registers:
RAX=0x0000000000000000, RBX=0x00007ffdac99cd78, RCX=0x0000000000000000, RDX=0x0000000000000000
RSP=0x000000002332ea10, RBP=0x000000002332eb50, RSI=0x00007ffdac2f1238, RDI=0x000000002332eba0
R8 =0x0000000000000000, R9 =0x0000000000000000, R10=0x0000000000000000, R11=0x0000000000000000
R12=0x00000000ffffff29, R13=0x0000000000000000, R14=0x00007ffdac2f0b80, R15=0x000000002333ed40
RIP=0x00007ffdf255a799, EFLAGS=0x0000000000000206

Top of Stack: (sp=0x000000002332ea10)
0x000000002332ea10:   0000000000000000 00007ffdac99cd78
0x000000002332ea20:   00007ffdac2f1238 0000000000000000
0x000000002332ea30:   00000001e06d7363 0000000000000000
0x000000002332ea40:   00007ffdf255a799 0000000000000004
0x000000002332ea50:   0000000019930520 000000002332eba0
0x000000002332ea60:   00007ffdac99cd78 00007ffdac750000
0x000000002332ea70:   0000000000000000 00000000ffffff29
0x000000002332ea80:   00007ffdac2f1238 000000002332eb50
0x000000002332ea90:   000000002332eb60 00007ffdf545f41f
0x000000002332eaa0:   000000002332eba0 00007ffd00000000
0x000000002332eab0:   000000002332eba0 00007ffdb328d306
0x000000002332eac0:   00007ffdac9bf000 00007ffdac750000
0x000000002332ead0:   0000eccfd8ee58ca 00007ffdb330c4d0
0x000000002332eae0:   00007ffdac99cd78 00007ffdb328ef63
0x000000002332eaf0:   000000002332eba0 00007ffdb325eb8d
0x000000002332eb00:   00007ffdb330c4d0 00007ffdac2f1238 

Instructions: (pc=0x00007ffdf255a799)
0x00007ffdf255a779:   8b d1 44 0f 47 c0 44 89 44 24 38 49 c1 e0 03 e8
0x00007ffdf255a789:   da 4e 05 00 48 8d 4c 24 20 48 ff 15 1f c8 16 00
0x00007ffdf255a799:   0f 1f 44 00 00 48 8b 8c 24 c0 00 00 00 48 33 cc
0x00007ffdf255a7a9:   e8 72 ef 04 00 48 81 c4 d8 00 00 00 c3 83 64 24 


Register to memory mapping:

RAX=0x0000000000000000 is an unknown value
RBX=0x00007ffdac99cd78 is an unknown value
RCX=0x0000000000000000 is an unknown value
RDX=0x0000000000000000 is an unknown value
RSP=0x000000002332ea10 is pointing into the stack for thread: 0x0000000017598000
RBP=0x000000002332eb50 is pointing into the stack for thread: 0x0000000017598000
RSI=0x00007ffdac2f1238 is an unknown value
RDI=0x000000002332eba0 is pointing into the stack for thread: 0x0000000017598000
R8 =0x0000000000000000 is an unknown value
R9 =0x0000000000000000 is an unknown value
R10=0x0000000000000000 is an unknown value
R11=0x0000000000000000 is an unknown value
R12=0x00000000ffffff29 is an unallocated location in the heap
R13=0x0000000000000000 is an unknown value
R14=0x00007ffdac2f0b80 is an unknown value
R15=0x000000002333ed40 is pointing into the stack for thread: 0x0000000017598000


Stack: [0x0000000023240000,0x0000000023340000],  sp=0x000000002332ea10,  free space=954k
Native frames: (J=compiled Java code, j=interpreted, Vv=VM code, C=native code)
C  [KERNELBASE.dll+0x3a799]
C  [msvcr120.dll+0x5ef63]
C  [opencv_core320.dll+0x1a2c34]
C  [opencv_core320.dll+0x1a2d76]
C  [opencv_imgproc320.dll+0x46c7a]
C  [jniopencv_imgproc.dll+0x6e52d]
C  0x0000000003cfab31

Java frames: (J=compiled Java code, j=interpreted, Vv=VM code)
J 2877  org.bytedeco.javacpp.opencv_imgproc.cvCvtColor(Lorg/bytedeco/javacpp/helper/opencv_core$CvArr;Lorg/bytedeco/javacpp/helper/opencv_core$CvArr;I)V (0 bytes) @ 0x0000000003cfaaab [0x0000000003cfaa40+0x6b]
j  javafxapplication3.application.FaceDetector.run()V+321
j  java.lang.Thread.run()V+11
v  ~StubRoutines::call_stub

---------------  P R O C E S S  ---------------

Java Threads: ( => current thread )
  0x0000000017595000 JavaThread "Java2D Disposer" daemon [_thread_blocked, id=6584, stack(0x0000000026040000,0x0000000026140000)]
  0x0000000017592000 JavaThread "mysql-cj-abandoned-connection-cleanup" daemon [_thread_blocked, id=6564, stack(0x0000000024320000,0x0000000024420000)]
=>0x0000000017598000 JavaThread "Thread-4" [_thread_in_native, id=8884, stack(0x0000000023240000,0x0000000023340000)]
  0x0000000017ec2800 JavaThread "JavaCPP Deallocator" daemon [_thread_blocked, id=8784, stack(0x0000000021160000,0x0000000021260000)]
  0x00000000180fa800 JavaThread "Prism Font Disposer" daemon [_thread_blocked, id=4088, stack(0x000000001eb00000,0x000000001ec00000)]
  0x00000000179fa000 JavaThread "Thread-3" daemon [_thread_in_native, id=5248, stack(0x000000001cea0000,0x000000001cfa0000)]
  0x00000000179ee800 JavaThread "JavaFX-Launcher" [_thread_blocked, id=4256, stack(0x000000001cfa0000,0x000000001d0a0000)]
  0x00000000179e5000 JavaThread "JavaFX Application Thread" [_thread_in_native, id=7228, stack(0x00000000184d0000,0x00000000185d0000)]
  0x00000000179db800 JavaThread "Thread-1" daemon [_thread_blocked, id=5188, stack(0x00000000183d0000,0x00000000184d0000)]
  0x0000000017765800 JavaThread "QuantumRenderer-0" daemon [_thread_blocked, id=4232, stack(0x0000000018180000,0x0000000018280000)]
  0x00000000173b8800 JavaThread "Service Thread" daemon [_thread_blocked, id=6256, stack(0x0000000017780000,0x0000000017880000)]
  0x0000000015a3d000 JavaThread "C1 CompilerThread2" daemon [_thread_blocked, id=8124, stack(0x0000000017280000,0x0000000017380000)]
  0x0000000015a34800 JavaThread "C2 CompilerThread1" daemon [_thread_blocked, id=6628, stack(0x0000000017180000,0x0000000017280000)]
  0x0000000015a31000 JavaThread "C2 CompilerThread0" daemon [_thread_blocked, id=8572, stack(0x0000000017080000,0x0000000017180000)]
  0x0000000015a30000 JavaThread "Attach Listener" daemon [_thread_blocked, id=1500, stack(0x0000000016f80000,0x0000000017080000)]
  0x0000000015a2c800 JavaThread "Signal Dispatcher" daemon [_thread_blocked, id=604, stack(0x0000000016e80000,0x0000000016f80000)]
  0x0000000015a19800 JavaThread "Finalizer" daemon [_thread_blocked, id=1940, stack(0x0000000016c80000,0x0000000016d80000)]
  0x0000000003404000 JavaThread "Reference Handler" daemon [_thread_blocked, id=4868, stack(0x0000000016b80000,0x0000000016c80000)]
  0x0000000003313800 JavaThread "main" [_thread_blocked, id=7328, stack(0x0000000003210000,0x0000000003310000)]

Other Threads:
  0x00000000159f7000 VMThread [stack: 0x0000000016a80000,0x0000000016b80000] [id=5996]
  0x0000000015a8e000 WatcherThread [stack: 0x0000000017880000,0x0000000017980000] [id=8164]

VM state:not at safepoint (normal execution)

VM Mutex/Monitor currently owned by a thread: None

Heap:
 PSYoungGen      total 23040K, used 21107K [0x00000000eb100000, 0x00000000eca00000, 0x0000000100000000)
  eden space 20480K, 96% used [0x00000000eb100000,0x00000000ec448ed0,0x00000000ec500000)
  from space 2560K, 53% used [0x00000000ec500000,0x00000000ec654010,0x00000000ec780000)
  to   space 2560K, 0% used [0x00000000ec780000,0x00000000ec780000,0x00000000eca00000)
 ParOldGen       total 36864K, used 22623K [0x00000000c1200000, 0x00000000c3600000, 0x00000000eb100000)
  object space 36864K, 61% used [0x00000000c1200000,0x00000000c2817ff0,0x00000000c3600000)
 Metaspace       used 24298K, capacity 24948K, committed 25344K, reserved 1071104K
  class space    used 3074K, capacity 3243K, committed 3328K, reserved 1048576K

Card table byte_map: [0x00000000127d0000,0x00000000129d0000] byte_map_base: 0x00000000121c7000

Marking Bits: (ParMarkBitMap*) 0x000000006e1aa6c0
 Begin Bits: [0x0000000012f20000, 0x0000000013ed8000)
 End Bits:   [0x0000000013ed8000, 0x0000000014e90000)

Polling page: 0x0000000001360000

CodeCache: size=245760Kb used=9694Kb max_used=9705Kb free=236066Kb
 bounds [0x0000000003410000, 0x0000000003da0000, 0x0000000012410000]
 total_blobs=3825 nmethods=2950 adapters=786
 compilation: enabled

Compilation events (10 events):
Event: 49.545 Thread 0x0000000015a3d000 3227       1       javafx.scene.text.Text::access$800 (5 bytes)
Event: 49.545 Thread 0x0000000015a3d000 nmethod 3227 0x0000000003acc550 code [0x0000000003acc6a0, 0x0000000003acc790]
Event: 49.545 Thread 0x0000000015a3d000 3228       3       com.sun.javafx.css.ParsedValueImpl::containsFontRelativeSize (237 bytes)
Event: 49.547 Thread 0x0000000015a3d000 nmethod 3228 0x0000000003d8d090 code [0x0000000003d8d2c0, 0x0000000003d8e4c8]
Event: 49.547 Thread 0x0000000015a3d000 3229       3       com.sun.javafx.css.Size::isAbsolute (8 bytes)
Event: 49.547 Thread 0x0000000015a3d000 nmethod 3229 0x0000000003d8e8d0 code [0x0000000003d8ea20, 0x0000000003d8ec10]
Event: 49.547 Thread 0x0000000015a3d000 3230       1       com.sun.javafx.css.SizeUnits::isAbsolute (5 bytes)
Event: 49.547 Thread 0x0000000015a3d000 nmethod 3230 0x0000000003b6ee90 code [0x0000000003b6efe0, 0x0000000003b6f0f0]
Event: 49.547 Thread 0x0000000015a3d000 3231       1       com.sun.javafx.text.TextRun::getLocation (5 bytes)
Event: 49.547 Thread 0x0000000015a3d000 nmethod 3231 0x0000000003d8ecd0 code [0x0000000003d8ee20, 0x0000000003d8ef30]

GC Heap History (10 events):
Event: 47.806 GC heap before
{Heap before GC invocations=70 (full 1):
 PSYoungGen      total 23040K, used 21031K [0x00000000eb100000, 0x00000000eca00000, 0x0000000100000000)
  eden space 20480K, 96% used [0x00000000eb100000,0x00000000ec435dc0,0x00000000ec500000)
  from space 2560K, 53% used [0x00000000ec780000,0x00000000ec8d4010,0x00000000eca00000)
  to   space 2560K, 0% used [0x00000000ec500000,0x00000000ec500000,0x00000000ec780000)
 ParOldGen       total 36864K, used 22599K [0x00000000c1200000, 0x00000000c3600000, 0x00000000eb100000)
  object space 36864K, 61% used [0x00000000c1200000,0x00000000c2811ff0,0x00000000c3600000)
 Metaspace       used 24276K, capacity 24944K, committed 25344K, reserved 1071104K
  class space    used 3073K, capacity 3243K, committed 3328K, reserved 1048576K
Event: 47.807 GC heap after
Heap after GC invocations=70 (full 1):
 PSYoungGen      total 23040K, used 1360K [0x00000000eb100000, 0x00000000eca00000, 0x0000000100000000)
  eden space 20480K, 0% used [0x00000000eb100000,0x00000000eb100000,0x00000000ec500000)
  from space 2560K, 53% used [0x00000000ec500000,0x00000000ec654010,0x00000000ec780000)
  to   space 2560K, 0% used [0x00000000ec780000,0x00000000ec780000,0x00000000eca00000)
 ParOldGen       total 36864K, used 22599K [0x00000000c1200000, 0x00000000c3600000, 0x00000000eb100000)
  object space 36864K, 61% used [0x00000000c1200000,0x00000000c2811ff0,0x00000000c3600000)
 Metaspace       used 24276K, capacity 24944K, committed 25344K, reserved 1071104K
  class space    used 3073K, capacity 3243K, committed 3328K, reserved 1048576K
}
Event: 48.168 GC heap before
{Heap before GC invocations=71 (full 1):
 PSYoungGen      total 23040K, used 21055K [0x00000000eb100000, 0x00000000eca00000, 0x0000000100000000)
  eden space 20480K, 96% used [0x00000000eb100000,0x00000000ec43be90,0x00000000ec500000)
  from space 2560K, 53% used [0x00000000ec500000,0x00000000ec654010,0x00000000ec780000)
  to   space 2560K, 0% used [0x00000000ec780000,0x00000000ec780000,0x00000000eca00000)
 ParOldGen       total 36864K, used 22599K [0x00000000c1200000, 0x00000000c3600000, 0x00000000eb100000)
  object space 36864K, 61% used [0x00000000c1200000,0x00000000c2811ff0,0x00000000c3600000)
 Metaspace       used 24284K, capacity 24944K, committed 25344K, reserved 1071104K
  class space    used 3073K, capacity 3243K, committed 3328K, reserved 1048576K
Event: 48.170 GC heap after
Heap after GC invocations=71 (full 1):
 PSYoungGen      total 23040K, used 1360K [0x00000000eb100000, 0x00000000eca00000, 0x0000000100000000)
  eden space 20480K, 0% used [0x00000000eb100000,0x00000000eb100000,0x00000000ec500000)
  from space 2560K, 53% used [0x00000000ec780000,0x00000000ec8d4010,0x00000000eca00000)
  to   space 2560K, 0% used [0x00000000ec500000,0x00000000ec500000,0x00000000ec780000)
 ParOldGen       total 36864K, used 22599K [0x00000000c1200000, 0x00000000c3600000, 0x00000000eb100000)
  object space 36864K, 61% used [0x00000000c1200000,0x00000000c2811ff0,0x00000000c3600000)
 Metaspace       used 24284K, capacity 24944K, committed 25344K, reserved 1071104K
  class space    used 3073K, capacity 3243K, committed 3328K, reserved 1048576K
}
Event: 48.551 GC heap before
{Heap before GC invocations=72 (full 1):
 PSYoungGen      total 23040K, used 21025K [0x00000000eb100000, 0x00000000eca00000, 0x0000000100000000)
  eden space 20480K, 96% used [0x00000000eb100000,0x00000000ec434460,0x00000000ec500000)
  from space 2560K, 53% used [0x00000000ec780000,0x00000000ec8d4010,0x00000000eca00000)
  to   space 2560K, 0% used [0x00000000ec500000,0x00000000ec500000,0x00000000ec780000)
 ParOldGen       total 36864K, used 22599K [0x00000000c1200000, 0x00000000c3600000, 0x00000000eb100000)
  object space 36864K, 61% used [0x00000000c1200000,0x00000000c2811ff0,0x00000000c3600000)
 Metaspace       used 24289K, capacity 24948K, committed 25344K, reserved 1071104K
  class space    used 3073K, capacity 3243K, committed 3328K, reserved 1048576K
Event: 48.553 GC heap after
Heap after GC invocations=72 (full 1):
 PSYoungGen      total 23040K, used 1360K [0x00000000eb100000, 0x00000000eca00000, 0x0000000100000000)
  eden space 20480K, 0% used [0x00000000eb100000,0x00000000eb100000,0x00000000ec500000)
  from space 2560K, 53% used [0x00000000ec500000,0x00000000ec654010,0x00000000ec780000)
  to   space 2560K, 0% used [0x00000000ec780000,0x00000000ec780000,0x00000000eca00000)
 ParOldGen       total 36864K, used 22607K [0x00000000c1200000, 0x00000000c3600000, 0x00000000eb100000)
  object space 36864K, 61% used [0x00000000c1200000,0x00000000c2813ff0,0x00000000c3600000)
 Metaspace       used 24289K, capacity 24948K, committed 25344K, reserved 1071104K
  class space    used 3073K, capacity 3243K, committed 3328K, reserved 1048576K
}
Event: 48.936 GC heap before
{Heap before GC invocations=73 (full 1):
 PSYoungGen      total 23040K, used 21027K [0x00000000eb100000, 0x00000000eca00000, 0x0000000100000000)
  eden space 20480K, 96% used [0x00000000eb100000,0x00000000ec434ed8,0x00000000ec500000)
  from space 2560K, 53% used [0x00000000ec500000,0x00000000ec654010,0x00000000ec780000)
  to   space 2560K, 0% used [0x00000000ec780000,0x00000000ec780000,0x00000000eca00000)
 ParOldGen       total 36864K, used 22607K [0x00000000c1200000, 0x00000000c3600000, 0x00000000eb100000)
  object space 36864K, 61% used [0x00000000c1200000,0x00000000c2813ff0,0x00000000c3600000)
 Metaspace       used 24289K, capacity 24948K, committed 25344K, reserved 1071104K
  class space    used 3074K, capacity 3243K, committed 3328K, reserved 1048576K
Event: 48.937 GC heap after
Heap after GC invocations=73 (full 1):
 PSYoungGen      total 23040K, used 1360K [0x00000000eb100000, 0x00000000eca00000, 0x0000000100000000)
  eden space 20480K, 0% used [0x00000000eb100000,0x00000000eb100000,0x00000000ec500000)
  from space 2560K, 53% used [0x00000000ec780000,0x00000000ec8d4010,0x00000000eca00000)
  to   space 2560K, 0% used [0x00000000ec500000,0x00000000ec500000,0x00000000ec780000)
 ParOldGen       total 36864K, used 22615K [0x00000000c1200000, 0x00000000c3600000, 0x00000000eb100000)
  object space 36864K, 61% used [0x00000000c1200000,0x00000000c2815ff0,0x00000000c3600000)
 Metaspace       used 24289K, capacity 24948K, committed 25344K, reserved 1071104K
  class space    used 3074K, capacity 3243K, committed 3328K, reserved 1048576K
}
Event: 49.320 GC heap before
{Heap before GC invocations=74 (full 1):
 PSYoungGen      total 23040K, used 21017K [0x00000000eb100000, 0x00000000eca00000, 0x0000000100000000)
  eden space 20480K, 95% used [0x00000000eb100000,0x00000000ec432758,0x00000000ec500000)
  from space 2560K, 53% used [0x00000000ec780000,0x00000000ec8d4010,0x00000000eca00000)
  to   space 2560K, 0% used [0x00000000ec500000,0x00000000ec500000,0x00000000ec780000)
 ParOldGen       total 36864K, used 22615K [0x00000000c1200000, 0x00000000c3600000, 0x00000000eb100000)
  object space 36864K, 61% used [0x00000000c1200000,0x00000000c2815ff0,0x00000000c3600000)
 Metaspace       used 24294K, capacity 24948K, committed 25344K, reserved 1071104K
  class space    used 3074K, capacity 3243K, committed 3328K, reserved 1048576K
Event: 49.322 GC heap after
Heap after GC invocations=74 (full 1):
 PSYoungGen      total 23040K, used 1360K [0x00000000eb100000, 0x00000000eca00000, 0x0000000100000000)
  eden space 20480K, 0% used [0x00000000eb100000,0x00000000eb100000,0x00000000ec500000)
  from space 2560K, 53% used [0x00000000ec500000,0x00000000ec654010,0x00000000ec780000)
  to   space 2560K, 0% used [0x00000000ec780000,0x00000000ec780000,0x00000000eca00000)
 ParOldGen       total 36864K, used 22623K [0x00000000c1200000, 0x00000000c3600000, 0x00000000eb100000)
  object space 36864K, 61% used [0x00000000c1200000,0x00000000c2817ff0,0x00000000c3600000)
 Metaspace       used 24294K, capacity 24948K, committed 25344K, reserved 1071104K
  class space    used 3074K, capacity 3243K, committed 3328K, reserved 1048576K
}

Deoptimization events (10 events):
Event: 47.218 Thread 0x0000000017765800 Uncommon trap: reason=unstable_if action=reinterpret pc=0x0000000003a63bcc method=com.sun.javafx.sg.prism.NGGroup.computeRenderRoot(Lcom/sun/javafx/sg/prism/NodePath;Lcom/sun/javafx/geom/RectBounds;ILcom/sun/javafx/geom/transform/BaseTransform;Lcom/sun/ja
Event: 47.218 Thread 0x0000000017765800 Uncommon trap: reason=unstable_if action=reinterpret pc=0x0000000003a636f8 method=com.sun.javafx.sg.prism.NGGroup.computeRenderRoot(Lcom/sun/javafx/sg/prism/NodePath;Lcom/sun/javafx/geom/RectBounds;ILcom/sun/javafx/geom/transform/BaseTransform;Lcom/sun/ja
Event: 47.218 Thread 0x0000000017765800 Uncommon trap: reason=unstable_if action=reinterpret pc=0x0000000003926838 method=com.sun.javafx.sg.prism.NGRegion.computeRenderRoot(Lcom/sun/javafx/sg/prism/NodePath;Lcom/sun/javafx/geom/RectBounds;ILcom/sun/javafx/geom/transform/BaseTransform;Lcom/sun/j
Event: 47.218 Thread 0x0000000017765800 Uncommon trap: reason=unstable_if action=reinterpret pc=0x0000000003a636f8 method=com.sun.javafx.sg.prism.NGGroup.computeRenderRoot(Lcom/sun/javafx/sg/prism/NodePath;Lcom/sun/javafx/geom/RectBounds;ILcom/sun/javafx/geom/transform/BaseTransform;Lcom/sun/ja
Event: 47.218 Thread 0x0000000017765800 Uncommon trap: reason=unstable_if action=reinterpret pc=0x0000000003926838 method=com.sun.javafx.sg.prism.NGRegion.computeRenderRoot(Lcom/sun/javafx/sg/prism/NodePath;Lcom/sun/javafx/geom/RectBounds;ILcom/sun/javafx/geom/transform/BaseTransform;Lcom/sun/j
Event: 47.219 Thread 0x0000000017765800 Uncommon trap: reason=predicate action=maybe_recompile pc=0x0000000003bc972c method=java.util.Arrays.binarySearch0([Ljava/lang/Object;IILjava/lang/Object;Ljava/util/Comparator;)I @ 28
Event: 47.640 Thread 0x0000000017765800 Uncommon trap: reason=unstable_if action=reinterpret pc=0x0000000003d216b8 method=com.sun.javafx.geom.BoxBounds.isEmpty()Z @ 9
Event: 47.801 Thread 0x0000000017765800 Uncommon trap: reason=bimorphic action=maybe_recompile pc=0x000000000358e568 method=com.sun.javafx.geom.transform.Affine3D.concatenate(Lcom/sun/javafx/geom/transform/BaseTransform;)V @ 4
Event: 47.899 Thread 0x0000000017765800 Uncommon trap: reason=bimorphic action=maybe_recompile pc=0x000000000358e568 method=com.sun.javafx.geom.transform.Affine3D.concatenate(Lcom/sun/javafx/geom/transform/BaseTransform;)V @ 4
Event: 49.548 Thread 0x0000000017765800 Uncommon trap: reason=bimorphic action=maybe_recompile pc=0x000000000358e568 method=com.sun.javafx.geom.transform.Affine3D.concatenate(Lcom/sun/javafx/geom/transform/BaseTransform;)V @ 4

Internal exceptions (10 events):
Event: 0.788 Thread 0x00000000179e5000 Exception <a 'java/lang/NullPointerException'> (0x00000000ebec7d68) thrown at [C:\re\workspace\8-2-build-windows-amd64-cygwin\jdk8u111\7883\hotspot\src\share\vm\interpreter\linkResolver.cpp, line 1178]
Event: 0.788 Thread 0x00000000179e5000 Exception <a 'java/lang/NullPointerException'> (0x00000000ebec7d68) thrown at [C:\re\workspace\8-2-build-windows-amd64-cygwin\jdk8u111\7883\hotspot\src\share\vm\prims\jvm.cpp, line 1390]
Event: 1.053 Thread 0x00000000179e5000 Exception <a 'java/lang/ArrayIndexOutOfBoundsException'> (0x00000000eb390998) thrown at [C:\re\workspace\8-2-build-windows-amd64-cygwin\jdk8u111\7883\hotspot\src\share\vm\runtime\sharedRuntime.cpp, line 605]
Event: 1.053 Thread 0x00000000179e5000 Exception <a 'java/lang/ArrayIndexOutOfBoundsException'> (0x00000000eb3914b0) thrown at [C:\re\workspace\8-2-build-windows-amd64-cygwin\jdk8u111\7883\hotspot\src\share\vm\runtime\sharedRuntime.cpp, line 605]
Event: 1.053 Thread 0x00000000179e5000 Exception <a 'java/lang/ArrayIndexOutOfBoundsException'> (0x00000000eb392858) thrown at [C:\re\workspace\8-2-build-windows-amd64-cygwin\jdk8u111\7883\hotspot\src\share\vm\runtime\sharedRuntime.cpp, line 605]
Event: 1.133 Thread 0x00000000179e5000 Implicit null exception at 0x00000000036fdc35 to 0x00000000036fde45
Event: 11.241 Thread 0x00000000179e5000 Implicit null exception at 0x000000000363c797 to 0x000000000363cb99
Event: 13.572 Thread 0x0000000017598000 Exception <a 'java/io/FileNotFoundException'> (0x00000000ebac4b60) thrown at [C:\re\workspace\8-2-build-windows-amd64-cygwin\jdk8u111\7883\hotspot\src\share\vm\prims\jni.cpp, line 709]
Event: 13.675 Thread 0x0000000017598000 Exception <a 'java/io/FileNotFoundException'> (0x00000000ebbb7a40) thrown at [C:\re\workspace\8-2-build-windows-amd64-cygwin\jdk8u111\7883\hotspot\src\share\vm\prims\jni.cpp, line 709]
Event: 23.386 Thread 0x0000000017765800 Implicit null exception at 0x0000000003c0e710 to 0x0000000003c0e769

Events (10 events):
Event: 48.553 Executing VM operation: ParallelGCFailedAllocation done
Event: 48.696 loading class java/util/WeakHashMap$1
Event: 48.696 loading class java/util/WeakHashMap$1 done
Event: 48.935 Executing VM operation: ParallelGCFailedAllocation
Event: 48.937 Executing VM operation: ParallelGCFailedAllocation done
Event: 49.320 Executing VM operation: ParallelGCFailedAllocation
Event: 49.322 Executing VM operation: ParallelGCFailedAllocation done
Event: 49.548 Thread 0x0000000017765800 Uncommon trap: trap_request=0xffffffc6 fr.pc=0x000000000358e568
Event: 49.548 Thread 0x0000000017765800 DEOPT PACKING pc=0x000000000358e568 sp=0x000000001827dcc0
Event: 49.548 Thread 0x0000000017765800 DEOPT UNPACKING pc=0x000000000345582a sp=0x000000001827db20 mode 2


Dynamic libraries:
0x00007ff6a98b0000 - 0x00007ff6a98e7000 	C:\Program Files\Java\jdk1.8\jre\bin\java.exe
0x00007ffdf5440000 - 0x00007ffdf5630000 	C:\WINDOWS\SYSTEM32\ntdll.dll
0x00007ffdf5340000 - 0x00007ffdf53f2000 	C:\WINDOWS\System32\KERNEL32.DLL
0x00007ffdf2520000 - 0x00007ffdf27c4000 	C:\WINDOWS\System32\KERNELBASE.dll
0x00007ffdf4ec0000 - 0x00007ffdf4f63000 	C:\WINDOWS\System32\ADVAPI32.dll
0x00007ffdf5020000 - 0x00007ffdf50be000 	C:\WINDOWS\System32\msvcrt.dll
0x00007ffdf5120000 - 0x00007ffdf51b7000 	C:\WINDOWS\System32\sechost.dll
0x00007ffdf5220000 - 0x00007ffdf5340000 	C:\WINDOWS\System32\RPCRT4.dll
0x00007ffdf43f0000 - 0x00007ffdf4584000 	C:\WINDOWS\System32\USER32.dll
0x00007ffdf31f0000 - 0x00007ffdf3211000 	C:\WINDOWS\System32\win32u.dll
0x00007ffdf4ff0000 - 0x00007ffdf5016000 	C:\WINDOWS\System32\GDI32.dll
0x00007ffdf3050000 - 0x00007ffdf31e5000 	C:\WINDOWS\System32\gdi32full.dll
0x00007ffdf33d0000 - 0x00007ffdf346e000 	C:\WINDOWS\System32\msvcp_win.dll
0x00007ffdf32d0000 - 0x00007ffdf33ca000 	C:\WINDOWS\System32\ucrtbase.dll
0x00007ffdf1810000 - 0x00007ffdf1a94000 	C:\WINDOWS\WinSxS\amd64_microsoft.windows.common-controls_6595b64144ccf1df_6.0.18362.900_none_e6beb9d913147d17\COMCTL32.dll
0x00007ffdf4070000 - 0x00007ffdf43a5000 	C:\WINDOWS\System32\combase.dll
0x00007ffdf2f50000 - 0x00007ffdf2fd0000 	C:\WINDOWS\System32\bcryptPrimitives.dll
0x00007ffdf43b0000 - 0x00007ffdf43de000 	C:\WINDOWS\System32\IMM32.DLL
0x000000006d8b0000 - 0x000000006d982000 	C:\Program Files\Java\jdk1.8\jre\bin\msvcr100.dll
0x000000006d990000 - 0x000000006e22a000 	C:\Program Files\Java\jdk1.8\jre\bin\server\jvm.dll
0x00007ffdf3d30000 - 0x00007ffdf3d38000 	C:\WINDOWS\System32\PSAPI.DLL
0x00007ffddab30000 - 0x00007ffddab39000 	C:\WINDOWS\SYSTEM32\WSOCK32.dll
0x00007ffded420000 - 0x00007ffded444000 	C:\WINDOWS\SYSTEM32\WINMM.dll
0x00007ffdf4d80000 - 0x00007ffdf4def000 	C:\WINDOWS\System32\WS2_32.dll
0x00007ffde7270000 - 0x00007ffde727a000 	C:\WINDOWS\SYSTEM32\VERSION.dll
0x00007ffded3f0000 - 0x00007ffded41d000 	C:\WINDOWS\SYSTEM32\winmmbase.dll
0x00007ffdf34a0000 - 0x00007ffdf34ea000 	C:\WINDOWS\System32\cfgmgr32.dll
0x000000006d860000 - 0x000000006d86f000 	C:\Program Files\Java\jdk1.8\jre\bin\verify.dll
0x000000006d830000 - 0x000000006d859000 	C:\Program Files\Java\jdk1.8\jre\bin\java.dll
0x000000006d810000 - 0x000000006d826000 	C:\Program Files\Java\jdk1.8\jre\bin\zip.dll
0x00007ffdf3640000 - 0x00007ffdf3d26000 	C:\WINDOWS\System32\SHELL32.dll
0x00007ffdf4c50000 - 0x00007ffdf4cf9000 	C:\WINDOWS\System32\shcore.dll
0x00007ffdf27d0000 - 0x00007ffdf2f50000 	C:\WINDOWS\System32\windows.storage.dll
0x00007ffdf23a0000 - 0x00007ffdf23c3000 	C:\WINDOWS\System32\profapi.dll
0x00007ffdf2330000 - 0x00007ffdf237a000 	C:\WINDOWS\System32\powrprof.dll
0x00007ffdf2300000 - 0x00007ffdf2310000 	C:\WINDOWS\System32\UMPDC.dll
0x00007ffdf4710000 - 0x00007ffdf4762000 	C:\WINDOWS\System32\shlwapi.dll
0x00007ffdf2310000 - 0x00007ffdf2321000 	C:\WINDOWS\System32\kernel.appcore.dll
0x00007ffdf3030000 - 0x00007ffdf3047000 	C:\WINDOWS\System32\cryptsp.dll
0x00007ffdb3230000 - 0x00007ffdb331f000 	C:\Program Files\Java\jdk1.8\jre\bin\msvcr120.dll
0x00007ffddef50000 - 0x00007ffddeff6000 	C:\Program Files\Java\jdk1.8\jre\bin\msvcp120.dll
0x000000006d410000 - 0x000000006d432000 	C:\Program Files\Java\jdk1.8\jre\bin\prism_d3d.dll
0x00007ffdac9e0000 - 0x00007ffdacba7000 	C:\WINDOWS\system32\d3d9.dll
0x00007ffdef8b0000 - 0x00007ffdef8dd000 	C:\WINDOWS\SYSTEM32\dwmapi.dll
0x00007ffdf0190000 - 0x00007ffdf01b0000 	C:\WINDOWS\SYSTEM32\dxcore.dll
0x00007ffdeed70000 - 0x00007ffdeee09000 	C:\WINDOWS\system32\uxtheme.dll
0x00007ffd9e990000 - 0x00007ffda0ecd000 	C:\WINDOWS\SYSTEM32\igdumdim64.dll
0x00007ffdf4df0000 - 0x00007ffdf4eb5000 	C:\WINDOWS\System32\OLEAUT32.dll
0x00007ffdf3f10000 - 0x00007ffdf4067000 	C:\WINDOWS\System32\ole32.dll
0x00007ffdf4770000 - 0x00007ffdf4be0000 	C:\WINDOWS\System32\SETUPAPI.dll
0x00007ffdf3470000 - 0x00007ffdf3496000 	C:\WINDOWS\System32\bcrypt.dll
0x000000006d3c0000 - 0x000000006d403000 	C:\Program Files\Java\jdk1.8\jre\bin\glass.dll
0x00007ffdf4640000 - 0x00007ffdf4710000 	C:\WINDOWS\System32\COMDLG32.dll
0x00007ffdf3500000 - 0x00007ffdf3635000 	C:\WINDOWS\System32\MSCTF.dll
0x00007ffde8820000 - 0x00007ffde925f000 	C:\WINDOWS\SYSTEM32\igdusc64.dll
0x000000006d3a0000 - 0x000000006d3b4000 	C:\Program Files\Java\jdk1.8\jre\bin\javafx_font.dll
0x00007ffde2c80000 - 0x00007ffde2f7e000 	C:\WINDOWS\SYSTEM32\dwrite.dll
0x00007ffdf4590000 - 0x00007ffdf4632000 	C:\WINDOWS\System32\clbcatq.dll
0x00007ffdec3c0000 - 0x00007ffdec56f000 	C:\WINDOWS\SYSTEM32\WindowsCodecs.dll
0x00007ffdd1ac0000 - 0x00007ffdd1afa000 	C:\WINDOWS\system32\dataexchange.dll
0x00007ffdee220000 - 0x00007ffdee47b000 	C:\WINDOWS\system32\d3d11.dll
0x00007ffdee480000 - 0x00007ffdee65c000 	C:\WINDOWS\system32\dcomp.dll
0x00007ffdf0220000 - 0x00007ffdf030b000 	C:\WINDOWS\system32\dxgi.dll
0x00007ffdef8e0000 - 0x00007ffdefb41000 	C:\WINDOWS\system32\twinapi.appcore.dll
0x00007ffdefcf0000 - 0x00007ffdefd19000 	C:\WINDOWS\system32\RMCLIENT.dll
0x00007ffdda3c0000 - 0x00007ffdda3f3000 	C:\Program Files\Common Files\Microsoft Shared\Ink\rtscom.dll
0x00007ffde4870000 - 0x00007ffde490e000 	C:\WINDOWS\System32\TextInputFramework.dll
0x00007ffdec6e0000 - 0x00007ffdeca0a000 	C:\WINDOWS\System32\CoreUIComponents.dll
0x00007ffdee9d0000 - 0x00007ffdeeaa4000 	C:\WINDOWS\System32\CoreMessaging.dll
0x00007ffdec580000 - 0x00007ffdec6d3000 	C:\WINDOWS\SYSTEM32\wintypes.dll
0x00007ffdf1de0000 - 0x00007ffdf1e11000 	C:\WINDOWS\SYSTEM32\ntmarta.dll
0x00007ffde3280000 - 0x00007ffde3526000 	C:\WINDOWS\System32\iertutil.dll
0x000000006d380000 - 0x000000006d391000 	C:\Program Files\Java\jdk1.8\jre\bin\prism_common.dll
0x00007ffdb3140000 - 0x00007ffdb322f000 	C:\Users\Moses\.javacpp\cache\opencv-windows-x86_64.jar\org\bytedeco\javacpp\windows-x86_64\msvcr120.dll
0x00007ffdb4d50000 - 0x00007ffdb4df6000 	C:\Users\Moses\.javacpp\cache\opencv-windows-x86_64.jar\org\bytedeco\javacpp\windows-x86_64\msvcp120.dll
0x00007ffdac750000 - 0x00007ffdac9d8000 	C:\Users\Moses\.javacpp\cache\opencv-windows-x86_64.jar\org\bytedeco\javacpp\windows-x86_64\opencv_core320.dll
0x00007ffdac0f0000 - 0x00007ffdac452000 	C:\Users\Moses\.javacpp\cache\opencv-windows-x86_64.jar\org\bytedeco\javacpp\windows-x86_64\opencv_imgproc320.dll
0x00007ffdabea0000 - 0x00007ffdac0ea000 	C:\Users\Moses\.javacpp\cache\opencv-windows-x86_64.jar\org\bytedeco\javacpp\windows-x86_64\jniopencv_core.dll
0x000000006d7f0000 - 0x000000006d80a000 	C:\Program Files\Java\jdk1.8\jre\bin\net.dll
0x00007ffdf14f0000 - 0x00007ffdf1557000 	C:\WINDOWS\system32\mswsock.dll
0x000000006d7d0000 - 0x000000006d7e1000 	C:\Program Files\Java\jdk1.8\jre\bin\nio.dll
0x00007ffdb0190000 - 0x00007ffdb0280000 	C:\Users\Moses\.javacpp\cache\opencv-windows-x86_64.jar\org\bytedeco\javacpp\windows-x86_64\jniopencv_imgproc.dll
0x00007ffdabbd0000 - 0x00007ffdabe9a000 	C:\Users\Moses\.javacpp\cache\opencv-windows-x86_64.jar\org\bytedeco\javacpp\windows-x86_64\opencv_imgcodecs320.dll
0x00007ffdd1cb0000 - 0x00007ffdd1cd5000 	C:\Users\Moses\.javacpp\cache\opencv-windows-x86_64.jar\org\bytedeco\javacpp\windows-x86_64\jniopencv_imgcodecs.dll
0x00007ffdcc750000 - 0x00007ffdcc79e000 	C:\Users\Moses\.javacpp\cache\opencv-windows-x86_64.jar\org\bytedeco\javacpp\windows-x86_64\opencv_videoio320.dll
0x00007ffdceb30000 - 0x00007ffdceb59000 	C:\WINDOWS\SYSTEM32\MSVFW32.dll
0x00007ffddeef0000 - 0x00007ffddef08000 	C:\WINDOWS\SYSTEM32\AVICAP32.dll
0x00007ffdda900000 - 0x00007ffdda920000 	C:\WINDOWS\SYSTEM32\AVIFIL32.dll
0x00007ffdb35a0000 - 0x00007ffdb35bc000 	C:\WINDOWS\SYSTEM32\MSACM32.dll
0x00007ffdd4120000 - 0x00007ffdd4137000 	C:\Users\Moses\.javacpp\cache\opencv-windows-x86_64.jar\org\bytedeco\javacpp\windows-x86_64\jniopencv_videoio.dll
0x00007ffdc93b0000 - 0x00007ffdc93dc000 	C:\Users\Moses\.javacpp\cache\opencv-windows-x86_64.jar\org\bytedeco\javacpp\windows-x86_64\opencv_highgui320.dll
0x00007ffdb8240000 - 0x00007ffdb8278000 	C:\Users\Moses\.javacpp\cache\opencv-windows-x86_64.jar\org\bytedeco\javacpp\windows-x86_64\jniopencv_highgui.dll
0x00007ffdb00b0000 - 0x00007ffdb0183000 	C:\Users\Moses\.javacpp\cache\opencv-windows-x86_64.jar\org\bytedeco\javacpp\windows-x86_64\opencv_ml320.dll
0x00007ffdb4bc0000 - 0x00007ffdb4c03000 	C:\Users\Moses\.javacpp\cache\opencv-windows-x86_64.jar\org\bytedeco\javacpp\windows-x86_64\jniopencv_ml.dll
0x00007ffdac6b0000 - 0x00007ffdac746000 	C:\Users\Moses\.javacpp\cache\opencv-windows-x86_64.jar\org\bytedeco\javacpp\windows-x86_64\opencv_objdetect320.dll
0x00007ffdb30e0000 - 0x00007ffdb3134000 	C:\Users\Moses\.javacpp\cache\opencv-windows-x86_64.jar\org\bytedeco\javacpp\windows-x86_64\jniopencv_objdetect.dll
0x00007ffdac650000 - 0x00007ffdac6a2000 	C:\Users\Moses\.javacpp\cache\opencv-windows-x86_64.jar\org\bytedeco\javacpp\windows-x86_64\opencv_face320.dll
0x00007ffdd1bc0000 - 0x00007ffdd1bda000 	C:\Users\Moses\.javacpp\cache\opencv-windows-x86_64.jar\org\bytedeco\javacpp\windows-x86_64\jniopencv_face.dll
0x00007ffdf1060000 - 0x00007ffdf1093000 	C:\WINDOWS\system32\rsaenh.dll
0x00007ffdf2220000 - 0x00007ffdf2245000 	C:\WINDOWS\SYSTEM32\USERENV.dll
0x00007ffdf16c0000 - 0x00007ffdf16cc000 	C:\WINDOWS\SYSTEM32\CRYPTBASE.dll
0x00007ffdf1200000 - 0x00007ffdf123a000 	C:\WINDOWS\SYSTEM32\IPHLPAPI.DLL
0x00007ffdf34f0000 - 0x00007ffdf34f8000 	C:\WINDOWS\System32\NSI.dll
0x00007ffde8420000 - 0x00007ffde8436000 	C:\WINDOWS\SYSTEM32\dhcpcsvc6.DLL
0x00007ffde84f0000 - 0x00007ffde850c000 	C:\WINDOWS\SYSTEM32\dhcpcsvc.DLL
0x00007ffdf1240000 - 0x00007ffdf130b000 	C:\WINDOWS\SYSTEM32\DNSAPI.dll
0x00007ffdc9390000 - 0x00007ffdc93a8000 	C:\Windows\System32\devenum.dll
0x00007ffdf2100000 - 0x00007ffdf212a000 	C:\WINDOWS\SYSTEM32\DEVOBJ.dll
0x00007ffdf2fd0000 - 0x00007ffdf302c000 	C:\WINDOWS\System32\WINTRUST.dll
0x00007ffdf2380000 - 0x00007ffdf2392000 	C:\WINDOWS\System32\MSASN1.dll
0x00007ffdf23d0000 - 0x00007ffdf2519000 	C:\WINDOWS\System32\CRYPT32.dll
0x00007ffdeca10000 - 0x00007ffdeca1b000 	C:\WINDOWS\SYSTEM32\msdmo.dll
0x00007ffdb8200000 - 0x00007ffdb8234000 	C:\Windows\System32\qcap.dll
0x00007ffda2040000 - 0x00007ffda2204000 	C:\Windows\System32\quartz.dll
0x00007ffdb4b70000 - 0x00007ffdb4bbc000 	C:\Windows\System32\mfksproxy.dll
0x00007ffdb35c0000 - 0x00007ffdb35dc000 	C:\Windows\System32\ATL.DLL
0x00007ffdeaa30000 - 0x00007ffdeac2a000 	C:\Windows\System32\MFPlat.DLL
0x00007ffdeaa00000 - 0x00007ffdeaa2f000 	C:\Windows\System32\RTWorkQ.DLL
0x00007ffdac5f0000 - 0x00007ffdac64c000 	C:\Windows\System32\MFSENSORGROUP.dll
0x00007ffdac5a0000 - 0x00007ffdac5ed000 	C:\Windows\System32\ksproxy.ax
0x00007ffdda110000 - 0x00007ffdda119000 	C:\Windows\System32\ksuser.dll
0x00007ffdeb010000 - 0x00007ffdeb096000 	C:\WINDOWS\SYSTEM32\policymanager.dll
0x00007ffded290000 - 0x00007ffded31a000 	C:\Windows\System32\msvcp110_win.dll
0x00007ffde4f70000 - 0x00007ffde4f7d000 	C:\Windows\System32\vidcap.ax
0x00007ffde7260000 - 0x00007ffde726a000 	C:\Windows\System32\rasadhlp.dll
0x00007ffde8320000 - 0x00007ffde8397000 	C:\WINDOWS\System32\fwpuclnt.dll
0x00007ffdb2880000 - 0x00007ffdb28a6000 	C:\Windows\System32\kswdmcap.ax
0x00007ffdaba60000 - 0x00007ffdabbc2000 	C:\Windows\System32\MFC42.dll

VM Arguments:
jvm_args: -Dfile.encoding=UTF-8 
java_command: C:\Users\Moses\Documents\NetBeansProjects\JavaFXApplication3\dist\run1716893955\JavaFXApplication3.jar
java_class_path (initial): C:\Users\Moses\Documents\NetBeansProjects\JavaFXApplication3\dist\run1716893955\JavaFXApplication3.jar
Launcher Type: SUN_STANDARD

Environment Variables:
PATH=C:\ProgramData\Oracle\Java\javapath;C:\WINDOWS\system32;C:\WINDOWS;C:\WINDOWS\System32\Wbem;C:\WINDOWS\System32\WindowsPowerShell\v1.0\;C:\WINDOWS\System32\OpenSSH\;C:\Program Files\Git\cmd;C:\Program Files (x86)\Yarn\bin\;C:\Program Files\nodejs\;C:\Program Files\dotnet\;C:\Users\Moses\AppData\Local\Microsoft\WindowsApps;;C:\Users\Moses\AppData\Local\Programs\Microsoft VS Code\bin;C:\Users\Moses\AppData\Local\Yarn\bin;C:\Users\Moses\AppData\Roaming\npm;C:\Users\Moses\.dotnet\tools
USERNAME=Moses
OS=Windows_NT
PROCESSOR_IDENTIFIER=Intel64 Family 6 Model 61 Stepping 4, GenuineIntel



---------------  S Y S T E M  ---------------

OS: Windows 10.0 , 64 bit Build 18362 (10.0.18362.900)

CPU:total 4 (2 cores per cpu, 2 threads per core) family 6 model 61 stepping 4, cmov, cx8, fxsr, mmx, sse, sse2, sse3, ssse3, sse4.1, sse4.2, popcnt, avx, avx2, aes, clmul, erms, 3dnowpref, lzcnt, ht, tsc, tscinvbit, bmi1, bmi2, adx

Memory: 4k page, physical 4113068k(1029912k free), swap 6341292k(2029292k free)

vm_info: Java HotSpot(TM) 64-Bit Server VM (25.111-b14) for windows-amd64 JRE (1.8.0_111-b14), built on Sep 22 2016 19:24:05 by "java_re" with MS VC++ 10.0 (VS2010)

time: Tue Nov 10 14:37:18 2020
elapsed time: 50 seconds (0d 0h 0m 50s)

